2024-12-20T10:05:32+00:00 ERROR Authentication failed
2024-12-20T10:06:17+00:00 ERROR Authentication failed
2024-12-20T10:08:46+00:00 INFO Trying to create one_cc_address_sync_cron
2024-12-20T10:08:46+00:00 INFO Failed to create one_cc_address_sync_cron as invalid one cc merchant
2024-12-20T10:08:46+00:00 INFO Attempting to delete one_cc_address_sync_cron, status: cancelled, message: invalid_1cc_merchant
2024-12-20T10:08:46+00:00 INFO Deleted one_cc_address_sync_cron  if exists
2024-12-20T10:08:46+00:00 INFO updateAddressSyncCronData: status=cancelled, message=invalid_1cc_merchant, cronStatus=deleted
2024-12-20T10:08:46+00:00 INFO create one_cc_plugin_sync_cron successful
2024-12-20T10:09:09+00:00 ERROR Authentication failed
2024-12-20T10:09:17+00:00 ERROR Authentication failed
2024-12-20T10:09:47+00:00 ERROR Authentication failed
2024-12-20T10:12:57+00:00 ERROR Authentication failed
2024-12-20T10:14:48+00:00 ERROR Authentication failed
2024-12-20T10:15:20+00:00 ERROR Authentication failed
2024-12-20T10:17:13+00:00 ERROR Authentication failed
2024-12-20T10:17:20+00:00 ERROR Authentication failed
2024-12-20T10:17:34+00:00 ERROR Authentication failed
2024-12-20T10:18:31+00:00 ERROR Authentication failed
2024-12-20T10:18:37+00:00 ERROR Authentication failed
2024-12-20T10:24:21+00:00 ERROR Authentication failed
2024-12-20T10:53:47+00:00 ERROR Authentication failed
2024-12-20T11:11:03+00:00 ERROR Authentication failed
2024-12-20T11:14:02+00:00 ERROR Authentication failed
2024-12-20T11:15:46+00:00 ERROR Authentication failed
2024-12-20T11:15:52+00:00 ERROR Authentication failed
2024-12-20T11:15:58+00:00 ERROR Authentication failed
2024-12-20T11:16:03+00:00 ERROR Authentication failed
2024-12-20T11:16:08+00:00 ERROR Authentication failed
2024-12-20T11:16:12+00:00 ERROR Authentication failed
2024-12-20T11:16:35+00:00 ERROR Authentication failed
2024-12-20T15:31:47+00:00 ERROR Authentication failed
2024-12-20T15:36:04+00:00 ERROR Authentication failed
2024-12-20T15:36:10+00:00 ERROR Authentication failed
2024-12-20T15:36:17+00:00 ERROR Authentication failed
2024-12-20T15:36:21+00:00 ERROR Authentication failed
2024-12-20T15:57:19+00:00 ERROR Authentication failed
2024-12-20T15:57:25+00:00 ERROR Authentication failed
2024-12-20T15:58:43+00:00 ERROR Authentication failed
2024-12-20T15:59:01+00:00 ERROR Authentication failed
2024-12-20T16:00:33+00:00 ERROR Authentication failed
2024-12-20T16:00:37+00:00 ERROR Authentication failed
2024-12-20T16:10:12+00:00 ERROR Authentication failed
2024-12-20T16:10:24+00:00 ERROR Authentication failed
2024-12-20T16:10:36+00:00 ERROR Authentication failed
2024-12-20T16:26:58+00:00 ERROR Authentication failed
2024-12-20T16:27:31+00:00 ERROR Authentication failed
2024-12-20T16:28:10+00:00 ERROR Authentication failed
2024-12-20T16:43:23+00:00 ERROR Authentication failed
2024-12-20T16:43:31+00:00 ERROR Authentication failed
2024-12-20T17:14:09+00:00 ERROR Authentication failed
2024-12-20T17:14:14+00:00 ERROR Authentication failed
2024-12-20T20:33:04+00:00 ERROR Authentication failed
