2024-12-19T10:06:56+00:00 ERROR Authentication failed
2024-12-19T10:07:08+00:00 ERROR Authentication failed
2024-12-19T10:07:17+00:00 ERROR Authentication failed
2024-12-19T10:10:50+00:00 ERROR Authentication failed
2024-12-19T10:11:02+00:00 ERROR Authentication failed
2024-12-19T10:12:15+00:00 ERROR Authentication failed
2024-12-19T10:12:47+00:00 ERROR Authentication failed
2024-12-19T10:19:31+00:00 ERROR Authentication failed
2024-12-19T10:20:10+00:00 ERROR Authentication failed
2024-12-19T10:58:46+00:00 ERROR Authentication failed
2024-12-19T11:01:53+00:00 ERROR Authentication failed
2024-12-19T11:10:56+00:00 ERROR Authentication failed
2024-12-19T11:21:10+00:00 ERROR Authentication failed
2024-12-19T11:24:03+00:00 ERROR Authentication failed
2024-12-19T11:26:05+00:00 ERROR Authentication failed
2024-12-19T11:30:27+00:00 ERROR cURL error 28: Resolving timed out after 10005 milliseconds
2024-12-19T11:35:27+00:00 ERROR Authentication failed
2024-12-19T12:00:11+00:00 ERROR Authentication failed
2024-12-19T15:03:06+00:00 ERROR Authentication failed
2024-12-19T15:04:48+00:00 ERROR Authentication failed
2024-12-19T15:05:10+00:00 ERROR Authentication failed
2024-12-19T15:05:21+00:00 ERROR Authentication failed
2024-12-19T15:13:33+00:00 ERROR Authentication failed
2024-12-19T15:13:46+00:00 ERROR Authentication failed
2024-12-19T15:15:35+00:00 ERROR Authentication failed
2024-12-19T15:15:41+00:00 ERROR Authentication failed
2024-12-19T15:16:16+00:00 ERROR Authentication failed
2024-12-19T15:27:42+00:00 ERROR Authentication failed
2024-12-19T15:28:32+00:00 ERROR Authentication failed
2024-12-19T15:34:32+00:00 ERROR Authentication failed
2024-12-19T15:34:36+00:00 ERROR Authentication failed
2024-12-19T15:35:05+00:00 ERROR Authentication failed
2024-12-19T15:37:15+00:00 ERROR Authentication failed
2024-12-19T15:37:19+00:00 ERROR Authentication failed
2024-12-19T15:37:51+00:00 ERROR Authentication failed
2024-12-19T15:37:59+00:00 ERROR Authentication failed
2024-12-19T15:40:41+00:00 ERROR Authentication failed
2024-12-19T15:40:51+00:00 ERROR Authentication failed
2024-12-19T15:42:39+00:00 ERROR Authentication failed
2024-12-19T15:42:45+00:00 ERROR Authentication failed
2024-12-19T15:49:56+00:00 ERROR Authentication failed
2024-12-19T15:51:55+00:00 ERROR Authentication failed
2024-12-19T15:52:02+00:00 ERROR Authentication failed
2024-12-19T15:52:27+00:00 ERROR Authentication failed
2024-12-19T15:52:37+00:00 ERROR Authentication failed
2024-12-19T15:52:43+00:00 ERROR Authentication failed
2024-12-19T15:52:47+00:00 ERROR Authentication failed
2024-12-19T15:53:18+00:00 ERROR Authentication failed
2024-12-19T15:53:22+00:00 ERROR Authentication failed
2024-12-19T15:53:29+00:00 ERROR Authentication failed
2024-12-19T15:53:33+00:00 ERROR Authentication failed
2024-12-19T15:57:58+00:00 ERROR Authentication failed
2024-12-19T16:00:18+00:00 ERROR Authentication failed
2024-12-19T16:00:32+00:00 ERROR Authentication failed
2024-12-19T16:01:05+00:00 ERROR Authentication failed
2024-12-19T16:01:11+00:00 ERROR Authentication failed
2024-12-19T16:01:45+00:00 ERROR Authentication failed
2024-12-19T16:03:43+00:00 ERROR Authentication failed
2024-12-19T16:03:54+00:00 ERROR Authentication failed
2024-12-19T16:04:59+00:00 ERROR Authentication failed
2024-12-19T16:05:09+00:00 ERROR Authentication failed
2024-12-19T16:06:25+00:00 ERROR Authentication failed
2024-12-19T16:08:40+00:00 ERROR Authentication failed
2024-12-19T16:08:59+00:00 ERROR Authentication failed
2024-12-19T16:09:14+00:00 ERROR Authentication failed
2024-12-19T16:10:00+00:00 ERROR Authentication failed
2024-12-19T16:13:39+00:00 ERROR Authentication failed
2024-12-19T16:13:52+00:00 ERROR Authentication failed
2024-12-19T16:14:32+00:00 ERROR Authentication failed
2024-12-19T16:38:02+00:00 ERROR Authentication failed
2024-12-19T17:15:07+00:00 ERROR Authentication failed
2024-12-19T17:16:25+00:00 ERROR Authentication failed
2024-12-19T17:16:47+00:00 INFO Trying to create one_cc_address_sync_cron
2024-12-19T17:16:47+00:00 INFO Failed to create one_cc_address_sync_cron as invalid one cc merchant
2024-12-19T17:16:47+00:00 INFO Attempting to delete one_cc_address_sync_cron, status: cancelled, message: invalid_1cc_merchant
2024-12-19T17:16:47+00:00 INFO Deleted one_cc_address_sync_cron  if exists
2024-12-19T17:16:47+00:00 INFO updateAddressSyncCronData: status=cancelled, message=invalid_1cc_merchant, cronStatus=deleted
2024-12-19T17:16:47+00:00 INFO updateAddressSyncCronData:530 - Updating option: ONE_CC_ADDRESS_SYNC_CRON_HOOK
2024-12-19T17:16:47+00:00 INFO updateAddressSyncCronData:532 -  Successfully Updated Option: ONE_CC_ADDRESS_SYNC_CRON_HOOK
2024-12-19T17:16:47+00:00 INFO create one_cc_plugin_sync_cron successful
2024-12-19T17:18:53+00:00 ERROR Authentication failed
2024-12-19T17:19:19+00:00 ERROR Authentication failed
2024-12-19T17:21:04+00:00 ERROR Authentication failed
2024-12-19T17:21:20+00:00 ERROR Authentication failed
2024-12-19T17:21:36+00:00 ERROR Authentication failed
2024-12-19T17:35:00+00:00 ERROR Authentication failed
2024-12-19T17:35:06+00:00 ERROR Authentication failed
2024-12-19T17:35:11+00:00 ERROR Authentication failed
2024-12-19T17:51:11+00:00 ERROR Authentication failed
